[dotenv@17.2.4] injecting env (5) from .env -- tip: ✅ audit secrets and track compliance: https://dotenvx.com/ops
Trying to connect to MongoDB...
✅ Server running on port 5000
   Mode: development
MongoDB connected successfully
✅ Default domains seeded/updated (transport, mess, hostel, sanitation)
[Request] GET /api/health - 200 (7ms)
[Request] GET /api/health - 200 (0ms)
[Request] GET /api/analytics/trend - 200 (63ms)
[Request] GET /api/analytics/by-department - 200 (110ms)
[Request] GET /api/departments - 200 (115ms)
[Request] GET /api/domains - 200 (130ms)
[Request] GET /api/issues/summary - 200 (134ms)
[Request] GET /api/analytics/summary - 200 (145ms)
[Request] GET /api/users?role=faculty&limit=2 - 200 (440ms)
[Request] GET /api/admin/stats - 200 (509ms)
[Request] GET /api/analytics/summary - 200 (1ms)
[Request] GET /api/domain-feedback/analytics-all - 200 (63ms)
[Request] GET /api/analytics/hod-stats - 400 (69ms)
[Request] GET /api/users/recipients - 200 (188ms)
